  Console.cpp
  Elements.cpp
C:\Project\words_the_game\words_the_game\Elements.cpp(27,5): warning C4267: инициализация: преобразование из "size_t" в "int"; возможна потеря данных
C:\Project\words_the_game\words_the_game\Elements.cpp(67,37): warning C4244: =: преобразование "const T" в "T", возможна потеря данных
          with
          [
              T=float
          ]
          and
          [
              T=int
          ]
C:\Project\words_the_game\words_the_game\Elements.cpp(68,36): warning C4244: =: преобразование "const T" в "T", возможна потеря данных
          with
          [
              T=float
          ]
          and
          [
              T=int
          ]
C:\Project\words_the_game\words_the_game\Elements.cpp(69,103): warning C4244: аргумент: преобразование "T" в "float", возможна потеря данных
          with
          [
              T=int
          ]
C:\Project\words_the_game\words_the_game\Elements.cpp(69,58): warning C4244: аргумент: преобразование "T" в "float", возможна потеря данных
          with
          [
              T=int
          ]
C:\Project\words_the_game\words_the_game\Elements.cpp(76,58): warning C4244: аргумент: преобразование "int" в "float", возможна потеря данных
C:\Project\words_the_game\words_the_game\Elements.cpp(76,31): warning C4244: аргумент: преобразование "int" в "float", возможна потеря данных
C:\Project\words_the_game\words_the_game\Elements.cpp(79,59): warning C4244: аргумент: преобразование "int" в "float", возможна потеря данных
C:\Project\words_the_game\words_the_game\Elements.cpp(79,32): warning C4244: аргумент: преобразование "int" в "float", возможна потеря данных
C:\Project\words_the_game\words_the_game\Elements.cpp(218,97): warning C4244: аргумент: преобразование "int" в "float", возможна потеря данных
C:\Project\words_the_game\words_the_game\Elements.cpp(218,58): warning C4244: аргумент: преобразование "int" в "float", возможна потеря данных
C:\Project\words_the_game\words_the_game\Elements.cpp(219,73): warning C4244: аргумент: преобразование "int" в "float", возможна потеря данных
C:\Project\words_the_game\words_the_game\Elements.cpp(219,40): warning C4244: аргумент: преобразование "int" в "float", возможна потеря данных
C:\Project\words_the_game\words_the_game\Elements.cpp(223,71): warning C4244: аргумент: преобразование "int" в "float", возможна потеря данных
C:\Project\words_the_game\words_the_game\Elements.cpp(223,38): warning C4244: аргумент: преобразование "int" в "float", возможна потеря данных
C:\Project\words_the_game\words_the_game\Elements.cpp(234,97): warning C4244: аргумент: преобразование "int" в "float", возможна потеря данных
C:\Project\words_the_game\words_the_game\Elements.cpp(234,58): warning C4244: аргумент: преобразование "int" в "float", возможна потеря данных
C:\Project\words_the_game\words_the_game\Elements.cpp(235,73): warning C4244: аргумент: преобразование "int" в "float", возможна потеря данных
C:\Project\words_the_game\words_the_game\Elements.cpp(235,40): warning C4244: аргумент: преобразование "int" в "float", возможна потеря данных
C:\Project\words_the_game\words_the_game\Elements.cpp(239,75): warning C4244: аргумент: преобразование "int" в "float", возможна потеря данных
C:\Project\words_the_game\words_the_game\Elements.cpp(239,42): warning C4244: аргумент: преобразование "int" в "float", возможна потеря данных
  FunctionForElement.cpp
  Varible.cpp
  words_the_game.cpp
  Создание кода...
  words_the_game.vcxproj -> C:\Project\words_the_game\x64\Debug\words_the_game.exe
